SF:lib/modelo/personajes_lista.dart
DA:5,0
DA:8,0
DA:9,0
DA:12,0
DA:14,0
DA:15,0
DA:18,0
DA:19,0
DA:22,0
DA:23,0
DA:26,0
DA:27,0
DA:29,0
DA:30,0
LF:14
LH:0
end_of_record
SF:lib/modelo/personaje_builder.dart
DA:9,1
DA:10,1
DA:13,1
DA:14,2
DA:15,1
DA:18,0
DA:19,0
LF:7
LH:5
end_of_record
SF:lib/modelo/guerrero_builder.dart
DA:6,1
DA:8,3
DA:11,1
DA:13,2
DA:16,1
DA:18,2
DA:21,1
DA:23,2
DA:26,0
DA:28,0
LF:10
LH:8
end_of_record
SF:lib/modelo/director.dart
DA:6,1
DA:8,1
DA:9,2
DA:10,2
DA:11,2
DA:12,2
LF:6
LH:6
end_of_record
SF:lib/modelo/armadura_simple.dart
DA:6,1
DA:7,1
DA:10,1
DA:12,1
LF:4
LH:4
end_of_record
SF:lib/modelo/fuego_decorador.dart
DA:6,1
DA:8,1
LF:2
LH:2
end_of_record
SF:lib/modelo/planta_decorador.dart
DA:5,1
DA:7,1
LF:2
LH:2
end_of_record
SF:lib/modelo/mago_builder.dart
DA:6,1
DA:8,3
DA:11,1
DA:13,2
DA:16,1
DA:18,2
DA:21,1
DA:23,2
DA:26,0
DA:28,0
LF:10
LH:8
end_of_record
SF:lib/modelo/armadura_decorador.dart
DA:7,1
DA:9,0
DA:11,0
LF:3
LH:1
end_of_record
SF:lib/modelo/personaje.dart
DA:11,1
DA:12,3
DA:13,2
DA:14,3
DA:21,1
DA:22,2
DA:26,1
DA:27,1
DA:30,1
DA:31,1
DA:34,0
DA:35,0
DA:36,0
DA:37,0
DA:38,0
DA:39,0
LF:16
LH:10
end_of_record
