SF:lib/modelo/personajes_lista.dart
DA:5,3
DA:8,1
DA:9,1
DA:12,1
DA:14,1
DA:15,2
DA:18,1
DA:19,2
DA:22,1
DA:23,2
DA:26,1
DA:27,2
DA:29,1
DA:30,4
LF:14
LH:14
end_of_record
SF:lib/modelo/personaje_builder.dart
DA:9,1
DA:10,1
DA:13,1
DA:14,2
DA:15,1
DA:18,1
DA:19,1
LF:7
LH:7
end_of_record
SF:lib/modelo/guerrero_builder.dart
DA:6,1
DA:8,3
DA:11,1
DA:13,2
DA:16,1
DA:18,2
DA:21,1
DA:23,2
DA:26,1
DA:28,2
LF:10
LH:10
end_of_record
SF:lib/modelo/director.dart
DA:6,1
DA:8,1
DA:9,2
DA:10,2
DA:11,2
DA:12,2
LF:6
LH:6
end_of_record
SF:lib/modelo/armadura_simple.dart
DA:6,1
DA:7,1
DA:10,1
DA:12,1
LF:4
LH:4
end_of_record
SF:lib/modelo/fuego_decorador.dart
DA:6,1
DA:8,1
LF:2
LH:2
end_of_record
SF:lib/modelo/planta_decorador.dart
DA:5,1
DA:7,1
LF:2
LH:2
end_of_record
SF:lib/modelo/mago_builder.dart
DA:6,1
DA:8,3
DA:11,1
DA:13,2
DA:16,1
DA:18,2
DA:21,1
DA:23,2
DA:26,1
DA:28,2
LF:10
LH:10
end_of_record
SF:lib/modelo/armadura_decorador.dart
DA:7,1
LF:1
LH:1
end_of_record
SF:lib/modelo/personaje.dart
DA:11,1
DA:12,3
DA:13,2
DA:14,3
DA:21,1
DA:22,2
DA:26,1
DA:27,1
DA:30,1
DA:31,1
LF:10
LH:10
end_of_record
